#
# A fatal error has been detected by the Java Runtime Environment:
#
#  EXCEPTION_ACCESS_VIOLATION (0xc0000005) at pc=0x00007ff91eb2f2da, pid=51788, tid=55384
#
# JRE version: Java(TM) SE Runtime Environment (17.0.4+11) (build 17.0.4+11-LTS-179)
# Java VM: Java HotSpot(TM) 64-Bit Server VM (17.0.4+11-LTS-179, mixed mode, sharing, tiered, compressed oops, compressed class ptrs, g1 gc, windows-amd64)
# Problematic frame:
# V  [jvm.dll+0x73f2da]
#
# No core dump will be written. Minidumps are not enabled by default on client versions of Windows
#
# If you would like to submit a bug report, please visit:
#   https://bugreport.java.com/bugreport/crash.jsp
#

---------------  S U M M A R Y ------------

Command Line: -XX:+ShowCodeDetailsInExceptionMessages -agentlib:jdwp=transport=dt_socket,suspend=y,address=localhost:60649 -javaagent:C:\Users\bhrigu\sts-4.12.0.RELEASE\configuration\org.eclipse.osgi\752\0\.cp\lib\javaagent-shaded.jar -Dfile.encoding=UTF-8 com.example.queue.ReadWriteQueue

Host: Intel(R) Core(TM) i7-10510U CPU @ 1.80GHz, 8 cores, 15G,  Windows 11 , 64 bit Build 22000 (10.0.22000.708)
Time: Wed Aug 17 23:48:47 2022 Romance Summer Time elapsed time: 121.341791 seconds (0d 0h 2m 1s)

---------------  T H R E A D  ---------------

Current thread (0x000001227fc5b8f0):  JavaThread "JDWP Transport Listener: dt_socket" daemon [_thread_in_vm, id=55384, stack(0x00000010da600000,0x00000010da700000)]

Stack: [0x00000010da600000,0x00000010da700000],  sp=0x00000010da6ff730,  free space=1021k
Native frames: (J=compiled Java code, j=interpreted, Vv=VM code, C=native code)
V  [jvm.dll+0x73f2da]
V  [jvm.dll+0x505d6c]
V  [jvm.dll+0x4d1684]
C  [jdwp.dll+0x22e9f]


siginfo: EXCEPTION_ACCESS_VIOLATION (0xc0000005), reading address 0x000000000017001a


Register to memory mapping:

RIP=0x00007ff91eb2f2da jvm.dll
RAX=0x0000000000000047 is an unknown value
RBX=0x000001227f32c7b0 points into unknown readable memory: 0x746e692f6b646a4c | 4c 6a 64 6b 2f 69 6e 74
RCX=0x0000000000170016 is an unknown value
RDX=0x000001226fa79f60 points into unknown readable memory: 0x6178652f6d6f634c | 4c 63 6f 6d 2f 65 78 61
RSP=0x00000010da6ff730 is pointing into the stack for thread: 0x000001227fc5b8f0
RBP=0x000001227fbaed10 points into unknown readable memory: 0x0000001700000002 | 02 00 00 00 17 00 00 00
RSI=0x0 is NULL
RDI=0xffffffffffffffff is an unknown value
R8 =0x0000000000000011 is an unknown value
R9 =0x0000000000000013 is an unknown value
R10=0x0 is NULL
R11=0x00000010da6ff750 is pointing into the stack for thread: 0x000001227fc5b8f0
R12=0x00000010da6ff888 is pointing into the stack for thread: 0x000001227fc5b8f0
R13=0x0 is NULL
R14=0x0000000800c06148 is a pointer to class: 
com.example.queue.ReadQueue$1 {0x0000000800c06150}
 - instance size:     2
 - klass size:        70
 - access:            synchronized 
 - state:             fully_initialized
 - name:              'com/example/queue/ReadQueue$1'
 - super:             'java/lang/Object'
 - sub:               
 - arrays:            NULL
 - methods:           Array<T>(0x000001221543f058)
 - method ordering:   Array<T>(0x000001221543f318)
 - default_methods:   Array<T>(0x0000000000000000)
 - local interfaces:  Array<T>(0x000001221543e150)
 - trans. interfaces: Array<T>(0x000001221543e150)
 - constants:         constant pool [82] {0x000001221543fb50} for 'com/example/queue/ReadQueue$1' cache=0x000001221543fe78
 - class loader data:  loader data: 0x000001227fb283f0 for instance a 'jdk/internal/loader/ClassLoaders$AppClassLoader'{0x000000071286af88}
 - source file:       'ReadQueue.java'
 - source debug extension:       SMAP
ReadQueue.java
Java
*S jdt
*F
1 ReadQueue.java
2 file:/C:/Users/bhrigu/Documents/workspace-spring-tool-suite-4-4.12.0.RELEASE/QueueTest/target/classes/
*L
*E

 - class annotations:       Array<T>(0x0000000000000000)
 - class type annotations:  Array<T>(0x0000000000000000)
 - field annotations:       Array<T>(0x0000000000000000)
 - field type annotations:  Array<T>(0x0000000000000000)
 - previous version:  constant pool [82] {0x000001221543de28} for 'com/example/queue/ReadQueue$1' (extra) cache=0x000001221543e458
 - generic signature: '
[error occurred during error reporting (printing register info), id 0xc0000005, EXCEPTION_ACCESS_VIOLATION (0xc0000005) at pc=0x00007ff91eb2fee6]

Registers:
RAX=0x0000000000000047, RBX=0x000001227f32c7b0, RCX=0x0000000000170016, RDX=0x000001226fa79f60
RSP=0x00000010da6ff730, RBP=0x000001227fbaed10, RSI=0x0000000000000000, RDI=0xffffffffffffffff
R8 =0x0000000000000011, R9 =0x0000000000000013, R10=0x0000000000000000, R11=0x00000010da6ff750
R12=0x00000010da6ff888, R13=0x0000000000000000, R14=0x0000000800c06148, R15=0x00000010da6ff8b0
RIP=0x00007ff91eb2f2da, EFLAGS=0x0000000000010206

Top of Stack: (sp=0x00000010da6ff730)
0x00000010da6ff730:   000000000000001d 0000000800c06148
0x00000010da6ff740:   0000012216058a00 00007ff9bca279e1
0x00000010da6ff750:   ffffffffffffffff 00007ff91e8f5d6c
0x00000010da6ff760:   000001227f32c7b0 000001227f32c790
0x00000010da6ff770:   000001227fbaed10 0000000000000000
0x00000010da6ff780:   000001227f32c760 00000000000003d8
0x00000010da6ff790:   000001227f32c770 000001227f32cb48
0x00000010da6ff7a0:   0000000000002c01 00000010da6ff888
0x00000010da6ff7b0:   0000000000000007 000001227fc5bb98
0x00000010da6ff7c0:   00000007120e3b68 00007ff91e8c1684
0x00000010da6ff7d0:   000001227fc5b8f0 00000010da6ff8b0
0x00000010da6ff7e0:   0000012271c7b860 00000010da6ff8b0
0x00000010da6ff7f0:   000001227fc5b8f0 0000000000000000
0x00000010da6ff800:   0000000000000000 0000000000000000
0x00000010da6ff810:   000001227fb8a158 00007ff9adee2e9f
0x00000010da6ff820:   00000010da6ff8a8 00007ff9adef1698 

Instructions: (pc=0x00007ff91eb2f2da)
0x00007ff91eb2f1da:   48 83 c4 20 5f e9 0c 59 96 ff cc cc cc cc cc cc
0x00007ff91eb2f1ea:   cc cc cc cc cc cc 48 89 5c 24 08 57 48 83 ec 20
0x00007ff91eb2f1fa:   83 fa 02 8d 42 06 b9 08 00 00 00 49 8b d8 0f 4e
0x00007ff91eb2f20a:   c1 48 63 c8 48 83 c1 07 83 e1 f8 48 63 f9 49 8b
0x00007ff91eb2f21a:   48 18 48 8b c7 48 f7 d0 48 3b c1 73 16 4c 8d 05
0x00007ff91eb2f22a:   ca 56 17 00 48 8b d7 48 8b cb e8 17 bc 96 ff 48
0x00007ff91eb2f23a:   8b 4b 18 48 8d 04 39 48 3b 43 20 76 18 45 33 c0
0x00007ff91eb2f24a:   48 8b d7 48 8b cb 48 8b 5c 24 30 48 83 c4 20 5f
0x00007ff91eb2f25a:   e9 71 b8 96 ff 48 89 43 18 48 8b c1 48 8b 5c 24
0x00007ff91eb2f26a:   30 48 83 c4 20 5f c3 cc cc cc cc cc cc cc cc cc
0x00007ff91eb2f27a:   cc cc cc cc cc cc 4c 8b d2 4c 8b d9 45 85 c0 7e
0x00007ff91eb2f28a:   3c 44 0f b7 49 04 41 8d 40 ff 41 3b c1 44 0f 4c
0x00007ff91eb2f29a:   c8 4d 63 c1 45 85 c9 7e 1f 48 8b c2 4c 2b da 49
0x00007ff91eb2f2aa:   8b d0 0f 1f 40 00 41 0f b6 4c 03 06 88 08 48 8d
0x00007ff91eb2f2ba:   40 01 48 83 ea 01 75 ee 43 c6 04 10 00 49 8b c2
0x00007ff91eb2f2ca:   c3 cc cc cc cc cc 48 89 5c 24 08 57 48 83 ec 20
0x00007ff91eb2f2da:   0f b7 59 04 48 8b f9 33 d2 48 8d 4b 01 e8 34 93
0x00007ff91eb2f2ea:   f8 ff 0f b7 57 04 4c 8b c0 3b da 0f 42 d3 44 8b
0x00007ff91eb2f2fa:   ca 85 d2 74 39 48 2b f8 0f 1f 40 00 66 66 0f 1f
0x00007ff91eb2f30a:   84 00 00 00 00 00 0f b6 4c 07 06 88 08 48 ff c0
0x00007ff91eb2f31a:   48 8b c8 49 2b c8 49 3b c9 7c eb 42 c6 04 02 00
0x00007ff91eb2f32a:   49 8b c0 48 8b 5c 24 30 48 83 c4 20 5f c3 48 8b
0x00007ff91eb2f33a:   5c 24 30 c6 04 02 00 48 83 c4 20 5f c3 cc cc cc
0x00007ff91eb2f34a:   cc cc cc cc cc cc 4c 8b d1 45 85 c0 7e 6c 44 0f
0x00007ff91eb2f35a:   b7 49 04 41 8d 40 ff 41 3b c1 44 0f 4c c8 4d 63
0x00007ff91eb2f36a:   d9 45 85 c9 7e 22 48 8b ca 4c 2b d2 4d 8b c3 0f
0x00007ff91eb2f37a:   1f 80 00 00 00 00 41 0f b6 44 0a 06 88 01 48 8d
0x00007ff91eb2f38a:   49 01 49 83 e8 01 75 ee 41 c6 04 13 00 48 c7 c0
0x00007ff91eb2f39a:   ff ff ff ff 66 90 48 ff c0 80 3c 02 00 75 f7 48
0x00007ff91eb2f3aa:   63 c8 85 c0 48 8b c2 7e 14 80 38 2f 75 03 c6 00
0x00007ff91eb2f3ba:   2e 48 ff c0 48 83 e9 01 75 ef 48 8b c2 c3 cc cc
0x00007ff91eb2f3ca:   cc cc cc cc cc cc 48 83 ec 28 e8 f7 fe ff ff 4c 


Stack slot to memory mapping:
stack at sp + 0 slots: 0x000000000000001d is an unknown value
stack at sp + 1 slots: 0x0000000800c06148 is a pointer to class: 
com.example.queue.ReadQueue$1 {0x0000000800c06150}
 - instance size:     2
 - klass size:        70
 - access:            synchronized 
 - state:             fully_initialized
 - name:              'com/example/queue/ReadQueue$1'
 - super:             'java/lang/Object'
 - sub:               
 - arrays:            NULL
 - methods:           Array<T>(0x000001221543f058)
 - method ordering:   Array<T>(0x000001221543f318)
 - default_methods:   Array<T>(0x0000000000000000)
 - local interfaces:  Array<T>(0x000001221543e150)
 - trans. interfaces: Array<T>(0x000001221543e150)
 - constants:         constant pool [82] {0x000001221543fb50} for 'com/example/queue/ReadQueue$1' cache=0x000001221543fe78
 - class loader data:  loader data: 0x000001227fb283f0 for instance a 'jdk/internal/loader/ClassLoaders$AppClassLoader'{0x000000071286af88}
 - source file:       'ReadQueue.java'
 - source debug extension:       SMAP
ReadQueue.java
Java
*S jdt
*F
1 ReadQueue.java
2 file:/C:/Users/bhrigu/Documents/workspace-spring-tool-suite-4-4.12.0.RELEASE/QueueTest/target/classes/
*L
*E

 - class annotations:       Array<T>(0x0000000000000000)
 - class type annotations:  Array<T>(0x0000000000000000)
 - field annotations:       Array<T>(0x0000000000000000)
 - field type annotations:  Array<T>(0x0000000000000000)
 - previous version:  constant pool [82] {0x000001221543de28} for 'com/example/queue/ReadQueue$1' (extra) cache=0x000001221543e458
 - generic signature: '
[error occurred during error reporting (inspecting top of stack), id 0xc0000005, EXCEPTION_ACCESS_VIOLATION (0xc0000005) at pc=0x00007ff91eb2fee6]


---------------  P R O C E S S  ---------------

Threads class SMR info:
_java_thread_list=0x0000012216056e10, length=17, elements={
0x0000012271c8bd60, 0x000001227f2f8f40, 0x000001227f2f98f0, 0x000001227f30cce0,
0x000001227f30d5a0, 0x000001227f30df50, 0x000001227f317920, 0x000001227f318cc0,
0x000001227f319760, 0x000001227f32ba50, 0x000001227fb217e0, 0x000001227fc5b8f0,
0x000001227fbab140, 0x000001227fc07f50, 0x0000012215fc9e10, 0x0000012216023420,
0x0000012271c921e0
}

Java Threads: ( => current thread )
  0x0000012271c8bd60 JavaThread "main" [_thread_blocked, id=51704, stack(0x00000010d9500000,0x00000010d9600000)]
  0x000001227f2f8f40 JavaThread "Reference Handler" daemon [_thread_blocked, id=55608, stack(0x00000010d9c00000,0x00000010d9d00000)]
  0x000001227f2f98f0 JavaThread "Finalizer" daemon [_thread_blocked, id=28124, stack(0x00000010d9d00000,0x00000010d9e00000)]
  0x000001227f30cce0 JavaThread "Signal Dispatcher" daemon [_thread_blocked, id=56268, stack(0x00000010d9e00000,0x00000010d9f00000)]
  0x000001227f30d5a0 JavaThread "Attach Listener" daemon [_thread_blocked, id=55516, stack(0x00000010d9f00000,0x00000010da000000)]
  0x000001227f30df50 JavaThread "Service Thread" daemon [_thread_blocked, id=42280, stack(0x00000010da000000,0x00000010da100000)]
  0x000001227f317920 JavaThread "Monitor Deflation Thread" daemon [_thread_blocked, id=55312, stack(0x00000010da100000,0x00000010da200000)]
  0x000001227f318cc0 JavaThread "C2 CompilerThread0" daemon [_thread_blocked, id=51020, stack(0x00000010da200000,0x00000010da300000)]
  0x000001227f319760 JavaThread "C1 CompilerThread0" daemon [_thread_blocked, id=6180, stack(0x00000010da300000,0x00000010da400000)]
  0x000001227f32ba50 JavaThread "Sweeper thread" daemon [_thread_blocked, id=55760, stack(0x00000010da400000,0x00000010da500000)]
  0x000001227fb217e0 JavaThread "Common-Cleaner" daemon [_thread_blocked, id=57952, stack(0x00000010da500000,0x00000010da600000)]
=>0x000001227fc5b8f0 JavaThread "JDWP Transport Listener: dt_socket" daemon [_thread_in_vm, id=55384, stack(0x00000010da600000,0x00000010da700000)]
  0x000001227fbab140 JavaThread "JDWP Event Helper Thread" daemon [_thread_blocked, id=31516, stack(0x00000010da700000,0x00000010da800000)]
  0x000001227fc07f50 JavaThread "JDWP Command Reader" daemon [_thread_in_native, id=21264, stack(0x00000010da800000,0x00000010da900000)]
  0x0000012215fc9e10 JavaThread "Notification Thread" daemon [_thread_blocked, id=36788, stack(0x00000010daa00000,0x00000010dab00000)]
  0x0000012216023420 JavaThread "pool-1-thread-1" [_thread_blocked, id=56024, stack(0x00000010db100000,0x00000010db200000)]
  0x0000012271c921e0 JavaThread "pool-1-thread-2" [_thread_blocked, id=54824, stack(0x00000010d9200000,0x00000010d9300000)]

Other Threads:
  0x000001227f2f66a0 VMThread "VM Thread" [stack: 0x00000010d9b00000,0x00000010d9c00000] [id=43136]
  0x0000012271c8cef0 WatcherThread [stack: 0x00000010dab00000,0x00000010dac00000] [id=53160]
  0x0000012271cf5430 GCTaskThread "GC Thread#0" [stack: 0x00000010d9600000,0x00000010d9700000] [id=52844]
  0x0000012271d44010 ConcurrentGCThread "G1 Main Marker" [stack: 0x00000010d9700000,0x00000010d9800000] [id=56500]
  0x0000012271d44a20 ConcurrentGCThread "G1 Conc#0" [stack: 0x00000010d9800000,0x00000010d9900000] [id=12660]
  0x000001227f22cce0 ConcurrentGCThread "G1 Refine#0" [stack: 0x00000010d9900000,0x00000010d9a00000] [id=39652]
  0x000001227f2304c0 ConcurrentGCThread "G1 Service" [stack: 0x00000010d9a00000,0x00000010d9b00000] [id=33332]

Threads with active compile tasks:

VM state: not at safepoint (normal execution)

VM Mutex/Monitor currently owned by a thread: None

Heap address: 0x0000000702c00000, size: 4052 MB, Compressed Oops mode: Zero based, Oop shift amount: 3

CDS archive(s) mapped at: [0x0000000800000000-0x0000000800bc0000-0x0000000800bc0000), size 12320768, SharedBaseAddress: 0x0000000800000000, ArchiveRelocationMode: 0.
Compressed class space mapped at: 0x0000000800c00000-0x0000000840c00000, reserved size: 1073741824
Narrow klass base: 0x0000000800000000, Narrow klass shift: 0, Narrow klass range: 0x100000000

GC Precious Log:
 CPUs: 8 total, 8 available
 Memory: 16206M
 Large Page Support: Disabled
 NUMA Support: Disabled
 Compressed Oops: Enabled (Zero based)
 Heap Region Size: 2M
 Heap Min Capacity: 8M
 Heap Initial Capacity: 254M
 Heap Max Capacity: 4052M
 Pre-touch: Disabled
 Parallel Workers: 8
 Concurrent Workers: 2
 Concurrent Refinement Workers: 8
 Periodic GC: Disabled

Heap:
 garbage-first heap   total 260096K, used 8192K [0x0000000702c00000, 0x0000000800000000)
  region size 2048K, 6 young (12288K), 0 survivors (0K)
 Metaspace       used 3092K, committed 3200K, reserved 1056768K
  class space    used 279K, committed 320K, reserved 1048576K

Heap Regions: E=young(eden), S=young(survivor), O=old, HS=humongous(starts), HC=humongous(continues), CS=collection set, F=free, OA=open archive, CA=closed archive, TAMS=top-at-mark-start (previous, next)
|   0|0x0000000702c00000, 0x0000000702c00000, 0x0000000702e00000|  0%| F|  |TAMS 0x0000000702c00000, 0x0000000702c00000| Untracked 
|   1|0x0000000702e00000, 0x0000000702e00000, 0x0000000703000000|  0%| F|  |TAMS 0x0000000702e00000, 0x0000000702e00000| Untracked 
|   2|0x0000000703000000, 0x0000000703000000, 0x0000000703200000|  0%| F|  |TAMS 0x0000000703000000, 0x0000000703000000| Untracked 
|   3|0x0000000703200000, 0x0000000703200000, 0x0000000703400000|  0%| F|  |TAMS 0x0000000703200000, 0x0000000703200000| Untracked 
|   4|0x0000000703400000, 0x0000000703400000, 0x0000000703600000|  0%| F|  |TAMS 0x0000000703400000, 0x0000000703400000| Untracked 
|   5|0x0000000703600000, 0x0000000703600000, 0x0000000703800000|  0%| F|  |TAMS 0x0000000703600000, 0x0000000703600000| Untracked 
|   6|0x0000000703800000, 0x0000000703800000, 0x0000000703a00000|  0%| F|  |TAMS 0x0000000703800000, 0x0000000703800000| Untracked 
|   7|0x0000000703a00000, 0x0000000703a00000, 0x0000000703c00000|  0%| F|  |TAMS 0x0000000703a00000, 0x0000000703a00000| Untracked 
|   8|0x0000000703c00000, 0x0000000703c00000, 0x0000000703e00000|  0%| F|  |TAMS 0x0000000703c00000, 0x0000000703c00000| Untracked 
|   9|0x0000000703e00000, 0x0000000703e00000, 0x0000000704000000|  0%| F|  |TAMS 0x0000000703e00000, 0x0000000703e00000| Untracked 
|  10|0x0000000704000000, 0x0000000704000000, 0x0000000704200000|  0%| F|  |TAMS 0x0000000704000000, 0x0000000704000000| Untracked 
|  11|0x0000000704200000, 0x0000000704200000, 0x0000000704400000|  0%| F|  |TAMS 0x0000000704200000, 0x0000000704200000| Untracked 
|  12|0x0000000704400000, 0x0000000704400000, 0x0000000704600000|  0%| F|  |TAMS 0x0000000704400000, 0x0000000704400000| Untracked 
|  13|0x0000000704600000, 0x0000000704600000, 0x0000000704800000|  0%| F|  |TAMS 0x0000000704600000, 0x0000000704600000| Untracked 
|  14|0x0000000704800000, 0x0000000704800000, 0x0000000704a00000|  0%| F|  |TAMS 0x0000000704800000, 0x0000000704800000| Untracked 
|  15|0x0000000704a00000, 0x0000000704a00000, 0x0000000704c00000|  0%| F|  |TAMS 0x0000000704a00000, 0x0000000704a00000| Untracked 
|  16|0x0000000704c00000, 0x0000000704c00000, 0x0000000704e00000|  0%| F|  |TAMS 0x0000000704c00000, 0x0000000704c00000| Untracked 
|  17|0x0000000704e00000, 0x0000000704e00000, 0x0000000705000000|  0%| F|  |TAMS 0x0000000704e00000, 0x0000000704e00000| Untracked 
|  18|0x0000000705000000, 0x0000000705000000, 0x0000000705200000|  0%| F|  |TAMS 0x0000000705000000, 0x0000000705000000| Untracked 
|  19|0x0000000705200000, 0x0000000705200000, 0x0000000705400000|  0%| F|  |TAMS 0x0000000705200000, 0x0000000705200000| Untracked 
|  20|0x0000000705400000, 0x0000000705400000, 0x0000000705600000|  0%| F|  |TAMS 0x0000000705400000, 0x0000000705400000| Untracked 
|  21|0x0000000705600000, 0x0000000705600000, 0x0000000705800000|  0%| F|  |TAMS 0x0000000705600000, 0x0000000705600000| Untracked 
|  22|0x0000000705800000, 0x0000000705800000, 0x0000000705a00000|  0%| F|  |TAMS 0x0000000705800000, 0x0000000705800000| Untracked 
|  23|0x0000000705a00000, 0x0000000705a00000, 0x0000000705c00000|  0%| F|  |TAMS 0x0000000705a00000, 0x0000000705a00000| Untracked 
|  24|0x0000000705c00000, 0x0000000705c00000, 0x0000000705e00000|  0%| F|  |TAMS 0x0000000705c00000, 0x0000000705c00000| Untracked 
|  25|0x0000000705e00000, 0x0000000705e00000, 0x0000000706000000|  0%| F|  |TAMS 0x0000000705e00000, 0x0000000705e00000| Untracked 
|  26|0x0000000706000000, 0x0000000706000000, 0x0000000706200000|  0%| F|  |TAMS 0x0000000706000000, 0x0000000706000000| Untracked 
|  27|0x0000000706200000, 0x0000000706200000, 0x0000000706400000|  0%| F|  |TAMS 0x0000000706200000, 0x0000000706200000| Untracked 
|  28|0x0000000706400000, 0x0000000706400000, 0x0000000706600000|  0%| F|  |TAMS 0x0000000706400000, 0x0000000706400000| Untracked 
|  29|0x0000000706600000, 0x0000000706600000, 0x0000000706800000|  0%| F|  |TAMS 0x0000000706600000, 0x0000000706600000| Untracked 
|  30|0x0000000706800000, 0x0000000706800000, 0x0000000706a00000|  0%| F|  |TAMS 0x0000000706800000, 0x0000000706800000| Untracked 
|  31|0x0000000706a00000, 0x0000000706a00000, 0x0000000706c00000|  0%| F|  |TAMS 0x0000000706a00000, 0x0000000706a00000| Untracked 
|  32|0x0000000706c00000, 0x0000000706c00000, 0x0000000706e00000|  0%| F|  |TAMS 0x0000000706c00000, 0x0000000706c00000| Untracked 
|  33|0x0000000706e00000, 0x0000000706e00000, 0x0000000707000000|  0%| F|  |TAMS 0x0000000706e00000, 0x0000000706e00000| Untracked 
|  34|0x0000000707000000, 0x0000000707000000, 0x0000000707200000|  0%| F|  |TAMS 0x0000000707000000, 0x0000000707000000| Untracked 
|  35|0x0000000707200000, 0x0000000707200000, 0x0000000707400000|  0%| F|  |TAMS 0x0000000707200000, 0x0000000707200000| Untracked 
|  36|0x0000000707400000, 0x0000000707400000, 0x0000000707600000|  0%| F|  |TAMS 0x0000000707400000, 0x0000000707400000| Untracked 
|  37|0x0000000707600000, 0x0000000707600000, 0x0000000707800000|  0%| F|  |TAMS 0x0000000707600000, 0x0000000707600000| Untracked 
|  38|0x0000000707800000, 0x0000000707800000, 0x0000000707a00000|  0%| F|  |TAMS 0x0000000707800000, 0x0000000707800000| Untracked 
|  39|0x0000000707a00000, 0x0000000707a00000, 0x0000000707c00000|  0%| F|  |TAMS 0x0000000707a00000, 0x0000000707a00000| Untracked 
|  40|0x0000000707c00000, 0x0000000707c00000, 0x0000000707e00000|  0%| F|  |TAMS 0x0000000707c00000, 0x0000000707c00000| Untracked 
|  41|0x0000000707e00000, 0x0000000707e00000, 0x0000000708000000|  0%| F|  |TAMS 0x0000000707e00000, 0x0000000707e00000| Untracked 
|  42|0x0000000708000000, 0x0000000708000000, 0x0000000708200000|  0%| F|  |TAMS 0x0000000708000000, 0x0000000708000000| Untracked 
|  43|0x0000000708200000, 0x0000000708200000, 0x0000000708400000|  0%| F|  |TAMS 0x0000000708200000, 0x0000000708200000| Untracked 
|  44|0x0000000708400000, 0x0000000708400000, 0x0000000708600000|  0%| F|  |TAMS 0x0000000708400000, 0x0000000708400000| Untracked 
|  45|0x0000000708600000, 0x0000000708600000, 0x0000000708800000|  0%| F|  |TAMS 0x0000000708600000, 0x0000000708600000| Untracked 
|  46|0x0000000708800000, 0x0000000708800000, 0x0000000708a00000|  0%| F|  |TAMS 0x0000000708800000, 0x0000000708800000| Untracked 
|  47|0x0000000708a00000, 0x0000000708a00000, 0x0000000708c00000|  0%| F|  |TAMS 0x0000000708a00000, 0x0000000708a00000| Untracked 
|  48|0x0000000708c00000, 0x0000000708c00000, 0x0000000708e00000|  0%| F|  |TAMS 0x0000000708c00000, 0x0000000708c00000| Untracked 
|  49|0x0000000708e00000, 0x0000000708e00000, 0x0000000709000000|  0%| F|  |TAMS 0x0000000708e00000, 0x0000000708e00000| Untracked 
|  50|0x0000000709000000, 0x0000000709000000, 0x0000000709200000|  0%| F|  |TAMS 0x0000000709000000, 0x0000000709000000| Untracked 
|  51|0x0000000709200000, 0x0000000709200000, 0x0000000709400000|  0%| F|  |TAMS 0x0000000709200000, 0x0000000709200000| Untracked 
|  52|0x0000000709400000, 0x0000000709400000, 0x0000000709600000|  0%| F|  |TAMS 0x0000000709400000, 0x0000000709400000| Untracked 
|  53|0x0000000709600000, 0x0000000709600000, 0x0000000709800000|  0%| F|  |TAMS 0x0000000709600000, 0x0000000709600000| Untracked 
|  54|0x0000000709800000, 0x0000000709800000, 0x0000000709a00000|  0%| F|  |TAMS 0x0000000709800000, 0x0000000709800000| Untracked 
|  55|0x0000000709a00000, 0x0000000709a00000, 0x0000000709c00000|  0%| F|  |TAMS 0x0000000709a00000, 0x0000000709a00000| Untracked 
|  56|0x0000000709c00000, 0x0000000709c00000, 0x0000000709e00000|  0%| F|  |TAMS 0x0000000709c00000, 0x0000000709c00000| Untracked 
|  57|0x0000000709e00000, 0x0000000709e00000, 0x000000070a000000|  0%| F|  |TAMS 0x0000000709e00000, 0x0000000709e00000| Untracked 
|  58|0x000000070a000000, 0x000000070a000000, 0x000000070a200000|  0%| F|  |TAMS 0x000000070a000000, 0x000000070a000000| Untracked 
|  59|0x000000070a200000, 0x000000070a200000, 0x000000070a400000|  0%| F|  |TAMS 0x000000070a200000, 0x000000070a200000| Untracked 
|  60|0x000000070a400000, 0x000000070a400000, 0x000000070a600000|  0%| F|  |TAMS 0x000000070a400000, 0x000000070a400000| Untracked 
|  61|0x000000070a600000, 0x000000070a600000, 0x000000070a800000|  0%| F|  |TAMS 0x000000070a600000, 0x000000070a600000| Untracked 
|  62|0x000000070a800000, 0x000000070a800000, 0x000000070aa00000|  0%| F|  |TAMS 0x000000070a800000, 0x000000070a800000| Untracked 
|  63|0x000000070aa00000, 0x000000070aa00000, 0x000000070ac00000|  0%| F|  |TAMS 0x000000070aa00000, 0x000000070aa00000| Untracked 
|  64|0x000000070ac00000, 0x000000070ac00000, 0x000000070ae00000|  0%| F|  |TAMS 0x000000070ac00000, 0x000000070ac00000| Untracked 
|  65|0x000000070ae00000, 0x000000070ae00000, 0x000000070b000000|  0%| F|  |TAMS 0x000000070ae00000, 0x000000070ae00000| Untracked 
|  66|0x000000070b000000, 0x000000070b000000, 0x000000070b200000|  0%| F|  |TAMS 0x000000070b000000, 0x000000070b000000| Untracked 
|  67|0x000000070b200000, 0x000000070b200000, 0x000000070b400000|  0%| F|  |TAMS 0x000000070b200000, 0x000000070b200000| Untracked 
|  68|0x000000070b400000, 0x000000070b400000, 0x000000070b600000|  0%| F|  |TAMS 0x000000070b400000, 0x000000070b400000| Untracked 
|  69|0x000000070b600000, 0x000000070b600000, 0x000000070b800000|  0%| F|  |TAMS 0x000000070b600000, 0x000000070b600000| Untracked 
|  70|0x000000070b800000, 0x000000070b800000, 0x000000070ba00000|  0%| F|  |TAMS 0x000000070b800000, 0x000000070b800000| Untracked 
|  71|0x000000070ba00000, 0x000000070ba00000, 0x000000070bc00000|  0%| F|  |TAMS 0x000000070ba00000, 0x000000070ba00000| Untracked 
|  72|0x000000070bc00000, 0x000000070bc00000, 0x000000070be00000|  0%| F|  |TAMS 0x000000070bc00000, 0x000000070bc00000| Untracked 
|  73|0x000000070be00000, 0x000000070be00000, 0x000000070c000000|  0%| F|  |TAMS 0x000000070be00000, 0x000000070be00000| Untracked 
|  74|0x000000070c000000, 0x000000070c000000, 0x000000070c200000|  0%| F|  |TAMS 0x000000070c000000, 0x000000070c000000| Untracked 
|  75|0x000000070c200000, 0x000000070c200000, 0x000000070c400000|  0%| F|  |TAMS 0x000000070c200000, 0x000000070c200000| Untracked 
|  76|0x000000070c400000, 0x000000070c400000, 0x000000070c600000|  0%| F|  |TAMS 0x000000070c400000, 0x000000070c400000| Untracked 
|  77|0x000000070c600000, 0x000000070c600000, 0x000000070c800000|  0%| F|  |TAMS 0x000000070c600000, 0x000000070c600000| Untracked 
|  78|0x000000070c800000, 0x000000070c800000, 0x000000070ca00000|  0%| F|  |TAMS 0x000000070c800000, 0x000000070c800000| Untracked 
|  79|0x000000070ca00000, 0x000000070ca00000, 0x000000070cc00000|  0%| F|  |TAMS 0x000000070ca00000, 0x000000070ca00000| Untracked 
|  80|0x000000070cc00000, 0x000000070cc00000, 0x000000070ce00000|  0%| F|  |TAMS 0x000000070cc00000, 0x000000070cc00000| Untracked 
|  81|0x000000070ce00000, 0x000000070ce00000, 0x000000070d000000|  0%| F|  |TAMS 0x000000070ce00000, 0x000000070ce00000| Untracked 
|  82|0x000000070d000000, 0x000000070d000000, 0x000000070d200000|  0%| F|  |TAMS 0x000000070d000000, 0x000000070d000000| Untracked 
|  83|0x000000070d200000, 0x000000070d200000, 0x000000070d400000|  0%| F|  |TAMS 0x000000070d200000, 0x000000070d200000| Untracked 
|  84|0x000000070d400000, 0x000000070d400000, 0x000000070d600000|  0%| F|  |TAMS 0x000000070d400000, 0x000000070d400000| Untracked 
|  85|0x000000070d600000, 0x000000070d600000, 0x000000070d800000|  0%| F|  |TAMS 0x000000070d600000, 0x000000070d600000| Untracked 
|  86|0x000000070d800000, 0x000000070d800000, 0x000000070da00000|  0%| F|  |TAMS 0x000000070d800000, 0x000000070d800000| Untracked 
|  87|0x000000070da00000, 0x000000070da00000, 0x000000070dc00000|  0%| F|  |TAMS 0x000000070da00000, 0x000000070da00000| Untracked 
|  88|0x000000070dc00000, 0x000000070dc00000, 0x000000070de00000|  0%| F|  |TAMS 0x000000070dc00000, 0x000000070dc00000| Untracked 
|  89|0x000000070de00000, 0x000000070de00000, 0x000000070e000000|  0%| F|  |TAMS 0x000000070de00000, 0x000000070de00000| Untracked 
|  90|0x000000070e000000, 0x000000070e000000, 0x000000070e200000|  0%| F|  |TAMS 0x000000070e000000, 0x000000070e000000| Untracked 
|  91|0x000000070e200000, 0x000000070e200000, 0x000000070e400000|  0%| F|  |TAMS 0x000000070e200000, 0x000000070e200000| Untracked 
|  92|0x000000070e400000, 0x000000070e400000, 0x000000070e600000|  0%| F|  |TAMS 0x000000070e400000, 0x000000070e400000| Untracked 
|  93|0x000000070e600000, 0x000000070e600000, 0x000000070e800000|  0%| F|  |TAMS 0x000000070e600000, 0x000000070e600000| Untracked 
|  94|0x000000070e800000, 0x000000070e800000, 0x000000070ea00000|  0%| F|  |TAMS 0x000000070e800000, 0x000000070e800000| Untracked 
|  95|0x000000070ea00000, 0x000000070ea00000, 0x000000070ec00000|  0%| F|  |TAMS 0x000000070ea00000, 0x000000070ea00000| Untracked 
|  96|0x000000070ec00000, 0x000000070ec00000, 0x000000070ee00000|  0%| F|  |TAMS 0x000000070ec00000, 0x000000070ec00000| Untracked 
|  97|0x000000070ee00000, 0x000000070ee00000, 0x000000070f000000|  0%| F|  |TAMS 0x000000070ee00000, 0x000000070ee00000| Untracked 
|  98|0x000000070f000000, 0x000000070f000000, 0x000000070f200000|  0%| F|  |TAMS 0x000000070f000000, 0x000000070f000000| Untracked 
|  99|0x000000070f200000, 0x000000070f200000, 0x000000070f400000|  0%| F|  |TAMS 0x000000070f200000, 0x000000070f200000| Untracked 
| 100|0x000000070f400000, 0x000000070f400000, 0x000000070f600000|  0%| F|  |TAMS 0x000000070f400000, 0x000000070f400000| Untracked 
| 101|0x000000070f600000, 0x000000070f600000, 0x000000070f800000|  0%| F|  |TAMS 0x000000070f600000, 0x000000070f600000| Untracked 
| 102|0x000000070f800000, 0x000000070f800000, 0x000000070fa00000|  0%| F|  |TAMS 0x000000070f800000, 0x000000070f800000| Untracked 
| 103|0x000000070fa00000, 0x000000070fa00000, 0x000000070fc00000|  0%| F|  |TAMS 0x000000070fa00000, 0x000000070fa00000| Untracked 
| 104|0x000000070fc00000, 0x000000070fc00000, 0x000000070fe00000|  0%| F|  |TAMS 0x000000070fc00000, 0x000000070fc00000| Untracked 
| 105|0x000000070fe00000, 0x000000070fe00000, 0x0000000710000000|  0%| F|  |TAMS 0x000000070fe00000, 0x000000070fe00000| Untracked 
| 106|0x0000000710000000, 0x0000000710000000, 0x0000000710200000|  0%| F|  |TAMS 0x0000000710000000, 0x0000000710000000| Untracked 
| 107|0x0000000710200000, 0x0000000710200000, 0x0000000710400000|  0%| F|  |TAMS 0x0000000710200000, 0x0000000710200000| Untracked 
| 108|0x0000000710400000, 0x0000000710400000, 0x0000000710600000|  0%| F|  |TAMS 0x0000000710400000, 0x0000000710400000| Untracked 
| 109|0x0000000710600000, 0x0000000710600000, 0x0000000710800000|  0%| F|  |TAMS 0x0000000710600000, 0x0000000710600000| Untracked 
| 110|0x0000000710800000, 0x0000000710800000, 0x0000000710a00000|  0%| F|  |TAMS 0x0000000710800000, 0x0000000710800000| Untracked 
| 111|0x0000000710a00000, 0x0000000710a00000, 0x0000000710c00000|  0%| F|  |TAMS 0x0000000710a00000, 0x0000000710a00000| Untracked 
| 112|0x0000000710c00000, 0x0000000710c00000, 0x0000000710e00000|  0%| F|  |TAMS 0x0000000710c00000, 0x0000000710c00000| Untracked 
| 113|0x0000000710e00000, 0x0000000710e00000, 0x0000000711000000|  0%| F|  |TAMS 0x0000000710e00000, 0x0000000710e00000| Untracked 
| 114|0x0000000711000000, 0x0000000711000000, 0x0000000711200000|  0%| F|  |TAMS 0x0000000711000000, 0x0000000711000000| Untracked 
| 115|0x0000000711200000, 0x0000000711200000, 0x0000000711400000|  0%| F|  |TAMS 0x0000000711200000, 0x0000000711200000| Untracked 
| 116|0x0000000711400000, 0x0000000711400000, 0x0000000711600000|  0%| F|  |TAMS 0x0000000711400000, 0x0000000711400000| Untracked 
| 117|0x0000000711600000, 0x0000000711600000, 0x0000000711800000|  0%| F|  |TAMS 0x0000000711600000, 0x0000000711600000| Untracked 
| 118|0x0000000711800000, 0x0000000711800000, 0x0000000711a00000|  0%| F|  |TAMS 0x0000000711800000, 0x0000000711800000| Untracked 
| 119|0x0000000711a00000, 0x0000000711a00000, 0x0000000711c00000|  0%| F|  |TAMS 0x0000000711a00000, 0x0000000711a00000| Untracked 
| 120|0x0000000711c00000, 0x0000000711c00000, 0x0000000711e00000|  0%| F|  |TAMS 0x0000000711c00000, 0x0000000711c00000| Untracked 
| 121|0x0000000711e00000, 0x0000000712000000, 0x0000000712000000|100%| E|  |TAMS 0x0000000711e00000, 0x0000000711e00000| Complete 
| 122|0x0000000712000000, 0x0000000712200000, 0x0000000712200000|100%| E|CS|TAMS 0x0000000712000000, 0x0000000712000000| Complete 
| 123|0x0000000712200000, 0x0000000712400000, 0x0000000712400000|100%| E|CS|TAMS 0x0000000712200000, 0x0000000712200000| Complete 
| 124|0x0000000712400000, 0x0000000712600000, 0x0000000712600000|100%| E|  |TAMS 0x0000000712400000, 0x0000000712400000| Complete 
| 125|0x0000000712600000, 0x0000000712800000, 0x0000000712800000|100%| E|CS|TAMS 0x0000000712600000, 0x0000000712600000| Complete 
| 126|0x0000000712800000, 0x0000000712a00000, 0x0000000712a00000|100%| E|CS|TAMS 0x0000000712800000, 0x0000000712800000| Complete 

Card table byte_map: [0x000001227a010000,0x000001227a800000] _byte_map_base: 0x00000122767fa000

Marking Bits (Prev, Next): (CMBitMap*) 0x0000012271cf5a40, (CMBitMap*) 0x0000012271cf5a80
 Prev Bits: [0x000001227aff0000, 0x000001227ef40000)
 Next Bits: [0x000001220f000000, 0x0000012212f50000)

Polling page: 0x000001226fc30000

Metaspace:

Usage:
  Non-class:      2.75 MB used.
      Class:    279.12 KB used.
       Both:      3.02 MB used.

Virtual space:
  Non-class space:        8.00 MB reserved,       2.81 MB ( 35%) committed,  1 nodes.
      Class space:        1.00 GB reserved,     320.00 KB ( <1%) committed,  1 nodes.
             Both:        1.01 GB reserved,       3.12 MB ( <1%) committed. 

Chunk freelists:
   Non-Class:  3.73 MB
       Class:  3.72 MB
        Both:  7.44 MB

MaxMetaspaceSize: unlimited
CompressedClassSpaceSize: 1.00 GB
Initial GC threshold: 21.00 MB
Current GC threshold: 21.00 MB
CDS: on
MetaspaceReclaimPolicy: balanced
 - commit_granule_bytes: 65536.
 - commit_granule_words: 8192.
 - virtual_space_node_default_size: 1048576.
 - enlarge_chunks_in_place: 1.
 - new_chunks_are_fully_committed: 0.
 - uncommit_free_chunks: 1.
 - use_allocation_guard: 0.
 - handle_deallocations: 1.


Internal statistics:

num_allocs_failed_limit: 0.
num_arena_births: 10.
num_arena_deaths: 0.
num_vsnodes_births: 2.
num_vsnodes_deaths: 0.
num_space_committed: 50.
num_space_uncommitted: 0.
num_chunks_returned_to_freelist: 0.
num_chunks_taken_from_freelist: 31.
num_chunk_merges: 0.
num_chunk_splits: 17.
num_chunks_enlarged: 11.
num_purges: 0.
num_inconsistent_stats: 0.

CodeHeap 'non-profiled nmethods': size=120000Kb used=191Kb max_used=191Kb free=119808Kb
 bounds [0x0000012207ad0000, 0x0000012207d40000, 0x000001220f000000]
CodeHeap 'profiled nmethods': size=120000Kb used=824Kb max_used=824Kb free=119175Kb
 bounds [0x00000122005a0000, 0x0000012200810000, 0x0000012207ad0000]
CodeHeap 'non-nmethods': size=5760Kb used=1204Kb max_used=1230Kb free=4555Kb
 bounds [0x0000012200000000, 0x0000012200270000, 0x00000122005a0000]
 total_blobs=954 nmethods=534 adapters=333
 compilation: enabled
              stopped_count=0, restarted_count=0
 full_count=0

Compilation events (20 events):
Event: 3.766 Thread 0x000001227f319760 nmethod 523 0x0000012200665890 code [0x0000012200665d00, 0x00000122006679c8]
Event: 3.767 Thread 0x000001227f319760  524       3       java.lang.String::getChars (54 bytes)
Event: 3.767 Thread 0x000001227f319760 nmethod 524 0x0000012200668490 code [0x0000012200668680, 0x0000012200668b18]
Event: 3.767 Thread 0x000001227f319760  525       3       java.lang.StringLatin1::getChars (12 bytes)
Event: 3.768 Thread 0x000001227f319760 nmethod 525 0x0000012200668d10 code [0x0000012200668ea0, 0x0000012200668fe8]
Event: 3.768 Thread 0x000001227f319760  526       1       java.nio.Buffer::position (5 bytes)
Event: 3.768 Thread 0x000001227f319760 nmethod 526 0x0000012207afcc90 code [0x0000012207afce20, 0x0000012207afcef8]
Event: 3.804 Thread 0x000001227f318cc0 nmethod 519 0x0000012207afcf90 code [0x0000012207afd1c0, 0x0000012207afedc0]
Event: 75.727 Thread 0x000001227f319760  527       3       java.lang.ref.WeakReference::<init> (7 bytes)
Event: 75.727 Thread 0x000001227f319760 nmethod 527 0x0000012200669090 code [0x0000012200669240, 0x0000012200669538]
Event: 75.727 Thread 0x000001227f319760  528       3       java.lang.invoke.MemberName::initResolved (53 bytes)
Event: 75.727 Thread 0x000001227f319760 nmethod 528 0x0000012200669610 code [0x00000122006697a0, 0x0000012200669958]
Event: 75.727 Thread 0x000001227f319760  531       3       java.lang.invoke.MethodType::checkPtypes (76 bytes)
Event: 75.728 Thread 0x000001227f319760 nmethod 531 0x0000012200669a10 code [0x0000012200669ca0, 0x000001220066a668]
Event: 75.728 Thread 0x000001227f319760  532       3       sun.invoke.util.VerifyAccess::isTypeVisible (118 bytes)
Event: 75.729 Thread 0x000001227f319760 nmethod 532 0x000001220066aa90 code [0x000001220066aea0, 0x000001220066ce78]
Event: 121.260 Thread 0x000001227f319760  533       3       org.eclipse.jdt.launching.internal.org.objectweb.asm.ByteVector::putShort (52 bytes)
Event: 121.260 Thread 0x000001227f319760 nmethod 533 0x000001220066d810 code [0x000001220066d9c0, 0x000001220066dbe8]
Event: 121.260 Thread 0x000001227f319760  534       3       org.eclipse.jdt.launching.internal.org.objectweb.asm.SymbolTable::addConstantUtf8 (20 bytes)
Event: 121.260 Thread 0x000001227f319760 nmethod 534 0x000001220066dd90 code [0x000001220066df60, 0x000001220066e228]

GC Heap History (0 events):
No events

Deoptimization events (20 events):
Event: 0.397 Thread 0x0000012271c8bd60 DEOPT PACKING pc=0x0000012200623254 sp=0x00000010d95f82e0
Event: 0.397 Thread 0x0000012271c8bd60 DEOPT UNPACKING pc=0x0000012200052b43 sp=0x00000010d95f7748 mode 0
Event: 0.397 Thread 0x0000012271c8bd60 DEOPT PACKING pc=0x0000012200623254 sp=0x00000010d95f82e0
Event: 0.397 Thread 0x0000012271c8bd60 DEOPT UNPACKING pc=0x0000012200052b43 sp=0x00000010d95f7748 mode 0
Event: 0.397 Thread 0x0000012271c8bd60 DEOPT PACKING pc=0x0000012200623254 sp=0x00000010d95f82e0
Event: 0.397 Thread 0x0000012271c8bd60 DEOPT UNPACKING pc=0x0000012200052b43 sp=0x00000010d95f7748 mode 0
Event: 0.401 Thread 0x0000012271c8bd60 DEOPT PACKING pc=0x0000012200623254 sp=0x00000010d95fbd30
Event: 0.401 Thread 0x0000012271c8bd60 DEOPT UNPACKING pc=0x0000012200052b43 sp=0x00000010d95fb198 mode 0
Event: 0.401 Thread 0x0000012271c8bd60 DEOPT PACKING pc=0x0000012200623254 sp=0x00000010d95fbd30
Event: 0.401 Thread 0x0000012271c8bd60 DEOPT UNPACKING pc=0x0000012200052b43 sp=0x00000010d95fb198 mode 0
Event: 0.403 Thread 0x0000012271c8bd60 DEOPT PACKING pc=0x0000012200623254 sp=0x00000010d95f8260
Event: 0.403 Thread 0x0000012271c8bd60 DEOPT UNPACKING pc=0x0000012200052b43 sp=0x00000010d95f76c8 mode 0
Event: 0.404 Thread 0x0000012271c8bd60 DEOPT PACKING pc=0x0000012200623254 sp=0x00000010d95fbc60
Event: 0.404 Thread 0x0000012271c8bd60 DEOPT UNPACKING pc=0x0000012200052b43 sp=0x00000010d95fb0c8 mode 0
Event: 0.406 Thread 0x0000012271c8bd60 DEOPT PACKING pc=0x0000012200623254 sp=0x00000010d95fbd30
Event: 0.406 Thread 0x0000012271c8bd60 DEOPT UNPACKING pc=0x0000012200052b43 sp=0x00000010d95fb198 mode 0
Event: 4.243 Thread 0x0000012216023420 Uncommon trap: trap_request=0xffffff45 fr.pc=0x0000012207af9c7c relative=0x000000000000007c
Event: 4.243 Thread 0x0000012216023420 Uncommon trap: reason=unstable_if action=reinterpret pc=0x0000012207af9c7c method=java.util.AbstractCollection.isEmpty()Z @ 4 c2
Event: 4.243 Thread 0x0000012216023420 DEOPT PACKING pc=0x0000012207af9c7c sp=0x00000010db1ff3c0
Event: 4.243 Thread 0x0000012216023420 DEOPT UNPACKING pc=0x00000122000523a3 sp=0x00000010db1ff360 mode 2

Classes unloaded (0 events):
No events

Classes redefined (2 events):
Event: 121.261 Thread 0x000001227f2f66a0 redefined class name=com.example.queue.ReadQueue$1, count=1
Event: 121.261 Thread 0x000001227f2f66a0 redefined class name=com.example.queue.ReadQueue, count=1

Internal exceptions (0 events):
No events

VM Operations (20 events):
Event: 82.041 Executing VM operation: get/set locals
Event: 82.041 Executing VM operation: get/set locals done
Event: 110.004 Executing VM operation: get/set locals
Event: 110.004 Executing VM operation: get/set locals done
Event: 110.005 Executing VM operation: get/set locals
Event: 110.005 Executing VM operation: get/set locals done
Event: 110.005 Executing VM operation: get/set locals
Event: 110.005 Executing VM operation: get/set locals done
Event: 110.006 Executing VM operation: get/set locals
Event: 110.006 Executing VM operation: get/set locals done
Event: 110.006 Executing VM operation: get/set locals
Event: 110.006 Executing VM operation: get/set locals done
Event: 110.041 Executing VM operation: get/set locals
Event: 110.041 Executing VM operation: get/set locals done
Event: 121.256 Executing VM operation: ChangeSingleStep
Event: 121.256 Executing VM operation: ChangeSingleStep done
Event: 121.256 Executing VM operation: ChangeSingleStep
Event: 121.256 Executing VM operation: ChangeSingleStep done
Event: 121.260 Executing VM operation: RedefineClasses
Event: 121.264 Executing VM operation: RedefineClasses done

Events (20 events):
Event: 3.749 loading class sun/util/resources/OpenListResourceBundle
Event: 3.749 loading class sun/util/resources/OpenListResourceBundle done
Event: 3.749 loading class sun/util/resources/TimeZoneNamesBundle done
Event: 3.749 loading class sun/util/resources/cldr/TimeZoneNames done
Event: 3.750 loading class sun/util/resources/cldr/TimeZoneNames_en
Event: 3.751 loading class sun/util/resources/cldr/TimeZoneNames_en done
Event: 3.751 loading class sun/util/resources/cldr/TimeZoneNames_en_US
Event: 3.751 loading class sun/util/resources/cldr/TimeZoneNames_en_US done
Event: 3.754 loading class sun/util/resources/TimeZoneNames
Event: 3.755 loading class sun/util/resources/TimeZoneNames done
Event: 3.755 loading class sun/util/resources/TimeZoneNames_en
Event: 3.755 loading class sun/util/resources/TimeZoneNames_en done
Event: 4.243 Thread 0x0000012216011410 Thread exited: 0x0000012216011410
Event: 4.243 Thread 0x0000012215ddf900 Thread exited: 0x0000012215ddf900
Event: 4.243 Thread 0x00000122160118e0 Thread exited: 0x00000122160118e0
Event: 4.243 Thread 0x0000012215ddf430 Thread exited: 0x0000012215ddf430
Event: 4.243 Thread 0x0000012215ed9570 Thread exited: 0x0000012215ed9570
Event: 8.669 loading class java/util/LinkedList$ListItr
Event: 8.669 loading class java/util/LinkedList$ListItr done
Event: 75.728 Thread 0x0000012271c921e0 Thread added: 0x0000012271c921e0


Dynamic libraries:
0x00007ff79f5a0000 - 0x00007ff79f5b0000 	C:\Program Files\Java\jdk-17.0.4\bin\javaw.exe
0x00007ff9bca00000 - 0x00007ff9bcc09000 	C:\WINDOWS\SYSTEM32\ntdll.dll
0x00007ff9bb1d0000 - 0x00007ff9bb28d000 	C:\WINDOWS\System32\KERNEL32.DLL
0x00007ff9b9f50000 - 0x00007ff9ba2cd000 	C:\WINDOWS\System32\KERNELBASE.dll
0x00007ff9b66b0000 - 0x00007ff9b6741000 	C:\WINDOWS\SYSTEM32\apphelp.dll
0x00007ff9ba560000 - 0x00007ff9ba671000 	C:\WINDOWS\System32\ucrtbase.dll
0x00007ff9ae790000 - 0x00007ff9ae7a8000 	C:\Program Files\Java\jdk-17.0.4\bin\jli.dll
0x00007ff9ae720000 - 0x00007ff9ae73a000 	C:\Program Files\Java\jdk-17.0.4\bin\VCRUNTIME140.dll
0x00007ff9bc780000 - 0x00007ff9bc82e000 	C:\WINDOWS\System32\ADVAPI32.dll
0x00007ff9bb120000 - 0x00007ff9bb1c3000 	C:\WINDOWS\System32\msvcrt.dll
0x00007ff9bb020000 - 0x00007ff9bb0be000 	C:\WINDOWS\System32\sechost.dll
0x00007ff9bad30000 - 0x00007ff9bae50000 	C:\WINDOWS\System32\RPCRT4.dll
0x00007ff9bae70000 - 0x00007ff9bb01d000 	C:\WINDOWS\System32\USER32.dll
0x00007ff9ba2d0000 - 0x00007ff9ba2f6000 	C:\WINDOWS\System32\win32u.dll
0x00007ff9bb880000 - 0x00007ff9bb8a9000 	C:\WINDOWS\System32\GDI32.dll
0x00007ff9ba300000 - 0x00007ff9ba418000 	C:\WINDOWS\System32\gdi32full.dll
0x00007ff99f2f0000 - 0x00007ff99f595000 	C:\WINDOWS\WinSxS\amd64_microsoft.windows.common-controls_6595b64144ccf1df_6.0.22000.120_none_9d947278b86cc467\COMCTL32.dll
0x00007ff9ba680000 - 0x00007ff9ba71d000 	C:\WINDOWS\System32\msvcp_win.dll
0x00007ff9b2d90000 - 0x00007ff9b2d9a000 	C:\WINDOWS\SYSTEM32\VERSION.dll
0x00007ff9bb9a0000 - 0x00007ff9bb9d1000 	C:\WINDOWS\System32\IMM32.DLL
0x00007ff9ae780000 - 0x00007ff9ae78c000 	C:\Program Files\Java\jdk-17.0.4\bin\vcruntime140_1.dll
0x00007ff9a8320000 - 0x00007ff9a83ad000 	C:\Program Files\Java\jdk-17.0.4\bin\msvcp140.dll
0x00007ff91e3f0000 - 0x00007ff91efb2000 	C:\Program Files\Java\jdk-17.0.4\bin\server\jvm.dll
0x00007ff9bb290000 - 0x00007ff9bb298000 	C:\WINDOWS\System32\PSAPI.DLL
0x00007ff99fe10000 - 0x00007ff99fe19000 	C:\WINDOWS\SYSTEM32\WSOCK32.dll
0x00007ff9b3c90000 - 0x00007ff9b3cc3000 	C:\WINDOWS\SYSTEM32\WINMM.dll
0x00007ff9bc830000 - 0x00007ff9bc89f000 	C:\WINDOWS\System32\WS2_32.dll
0x00007ff9b90d0000 - 0x00007ff9b90e8000 	C:\WINDOWS\SYSTEM32\kernel.appcore.dll
0x00007ff9ae710000 - 0x00007ff9ae71a000 	C:\Program Files\Java\jdk-17.0.4\bin\jimage.dll
0x00007ff9b7a60000 - 0x00007ff9b7c81000 	C:\WINDOWS\SYSTEM32\DBGHELP.DLL
0x00007ff9ac710000 - 0x00007ff9ac741000 	C:\WINDOWS\SYSTEM32\dbgcore.DLL
0x00007ff9ba420000 - 0x00007ff9ba49f000 	C:\WINDOWS\System32\bcryptPrimitives.dll
0x00007ff9adec0000 - 0x00007ff9adefb000 	C:\Program Files\Java\jdk-17.0.4\bin\jdwp.dll
0x00007ff9ae700000 - 0x00007ff9ae70e000 	C:\Program Files\Java\jdk-17.0.4\bin\instrument.dll
0x00007ff9ade90000 - 0x00007ff9adeb5000 	C:\Program Files\Java\jdk-17.0.4\bin\java.dll
0x00007ff995710000 - 0x00007ff9957e6000 	C:\Program Files\Java\jdk-17.0.4\bin\jsvml.dll
0x00007ff9bbf50000 - 0x00007ff9bc708000 	C:\WINDOWS\System32\SHELL32.dll
0x00007ff9b8060000 - 0x00007ff9b88c8000 	C:\WINDOWS\SYSTEM32\windows.storage.dll
0x00007ff9bb9e0000 - 0x00007ff9bbd59000 	C:\WINDOWS\System32\combase.dll
0x00007ff9b7ef0000 - 0x00007ff9b8056000 	C:\WINDOWS\SYSTEM32\wintypes.dll
0x00007ff9bbd60000 - 0x00007ff9bbe4a000 	C:\WINDOWS\System32\SHCORE.dll
0x00007ff9bb0c0000 - 0x00007ff9bb11d000 	C:\WINDOWS\System32\shlwapi.dll
0x00007ff9b9e10000 - 0x00007ff9b9e31000 	C:\WINDOWS\SYSTEM32\profapi.dll
0x00007ff9ae6f0000 - 0x00007ff9ae6fc000 	C:\Program Files\Java\jdk-17.0.4\bin\dt_socket.dll
0x00007ff9b8c00000 - 0x00007ff9b8c2d000 	C:\WINDOWS\SYSTEM32\IPHLPAPI.DLL
0x00007ff9b9500000 - 0x00007ff9b9567000 	C:\WINDOWS\system32\mswsock.dll
0x00007ff9b8c30000 - 0x00007ff9b8d18000 	C:\WINDOWS\SYSTEM32\DNSAPI.dll
0x00007ff9bbf30000 - 0x00007ff9bbf39000 	C:\WINDOWS\System32\NSI.dll
0x00007ff9b0e40000 - 0x00007ff9b0e4a000 	C:\Windows\System32\rasadhlp.dll
0x00007ff9b5200000 - 0x00007ff9b5281000 	C:\WINDOWS\System32\fwpuclnt.dll
0x00007ff9ae4b0000 - 0x00007ff9ae4c8000 	C:\Program Files\Java\jdk-17.0.4\bin\zip.dll
0x00007ff9ad990000 - 0x00007ff9ad9a9000 	C:\Program Files\Java\jdk-17.0.4\bin\net.dll
0x00007ff9b5070000 - 0x00007ff9b517c000 	C:\WINDOWS\SYSTEM32\WINHTTP.dll
0x00007ff9a82d0000 - 0x00007ff9a82e6000 	C:\Program Files\Java\jdk-17.0.4\bin\nio.dll
0x00007ff9ae6e0000 - 0x00007ff9ae6f0000 	C:\Program Files\Java\jdk-17.0.4\bin\verify.dll

dbghelp: loaded successfully - version: 4.0.5 - missing functions: none
symbol engine: initialized successfully - sym options: 0x614 - pdb path: .;C:\Program Files\Java\jdk-17.0.4\bin;C:\WINDOWS\SYSTEM32;C:\WINDOWS\WinSxS\amd64_microsoft.windows.common-controls_6595b64144ccf1df_6.0.22000.120_none_9d947278b86cc467;C:\Program Files\Java\jdk-17.0.4\bin\server

VM Arguments:
jvm_args: -XX:+ShowCodeDetailsInExceptionMessages -agentlib:jdwp=transport=dt_socket,suspend=y,address=localhost:60649 -javaagent:C:\Users\bhrigu\sts-4.12.0.RELEASE\configuration\org.eclipse.osgi\752\0\.cp\lib\javaagent-shaded.jar -Dfile.encoding=UTF-8 
java_command: com.example.queue.ReadWriteQueue
java_class_path (initial): C:\Users\bhrigu\Documents\workspace-spring-tool-suite-4-4.12.0.RELEASE\QueueTest\target\classes;C:\Users\bhrigu\.m2\repository\org\springframework\boot\spring-boot-starter-web\2.7.2\spring-boot-starter-web-2.7.2.jar;C:\Users\bhrigu\.m2\repository\org\springframework\boot\spring-boot-starter\2.7.2\spring-boot-starter-2.7.2.jar;C:\Users\bhrigu\.m2\repository\org\springframework\boot\spring-boot\2.7.2\spring-boot-2.7.2.jar;C:\Users\bhrigu\.m2\repository\org\springframework\boot\spring-boot-autoconfigure\2.7.2\spring-boot-autoconfigure-2.7.2.jar;C:\Users\bhrigu\.m2\repository\org\springframework\boot\spring-boot-starter-logging\2.7.2\spring-boot-starter-logging-2.7.2.jar;C:\Users\bhrigu\.m2\repository\ch\qos\logback\logback-classic\1.2.11\logback-classic-1.2.11.jar;C:\Users\bhrigu\.m2\repository\ch\qos\logback\logback-core\1.2.11\logback-core-1.2.11.jar;C:\Users\bhrigu\.m2\repository\org\apache\logging\log4j\log4j-to-slf4j\2.17.2\log4j-to-slf4j-2.17.2.jar;C:\Users\bhrigu\.m2\repository\org\apache\logging\log4j\log4j-api\2.17.2\log4j-api-2.17.2.jar;C:\Users\bhrigu\.m2\repository\org\slf4j\jul-to-slf4j\1.7.36\jul-to-slf4j-1.7.36.jar;C:\Users\bhrigu\.m2\repository\jakarta\annotation\jakarta.annotation-api\1.3.5\jakarta.annotation-api-1.3.5.jar;C:\Users\bhrigu\.m2\repository\org\yaml\snakeyaml\1.30\snakeyaml-1.30.jar;C:\Users\bhrigu\.m2\repository\org\springframework\boot\spring-boot-starter-json\2.7.2\spring-boot-starter-json-2.7.2.jar;C:\Users\bhrigu\.m2\repository\com\fasterxml\jackson\core\jackson-databind\2.13.3\jackson-databind-2.13.3.jar;C:\Users\bhrigu\.m2\repository\com\fasterxml\jackson\core\jackson-annotations\2.13.3\jackson-annotations-2.13.3.jar;C:\Users\bhrigu\.m2\repository\com\fasterxml\jackson\core\jackson-core\2.13.3\jackson-core-2.13.3.jar;C:\Users\bhrigu\.m2\repository\com\fasterxml\jackson\datatype\jackson-datatype-jdk8\2.13.3\jackson-datatype-jdk8-2.13.3.jar;C:\Users\bhrigu\.m2\repository\com\fasterxml\jackson\datatype\jack
Launcher Type: SUN_STANDARD

[Global flags]
     intx CICompilerCount                          = 4                                         {product} {ergonomic}
     uint ConcGCThreads                            = 2                                         {product} {ergonomic}
     uint G1ConcRefinementThreads                  = 8                                         {product} {ergonomic}
   size_t G1HeapRegionSize                         = 2097152                                   {product} {ergonomic}
    uintx GCDrainStackTargetSize                   = 64                                        {product} {ergonomic}
   size_t InitialHeapSize                          = 266338304                                 {product} {ergonomic}
   size_t MarkStackSize                            = 4194304                                   {product} {ergonomic}
   size_t MaxHeapSize                              = 4248829952                                {product} {ergonomic}
   size_t MaxNewSize                               = 2548039680                                {product} {ergonomic}
   size_t MinHeapDeltaBytes                        = 2097152                                   {product} {ergonomic}
   size_t MinHeapSize                              = 8388608                                   {product} {ergonomic}
    uintx NonNMethodCodeHeapSize                   = 5839372                                {pd product} {ergonomic}
    uintx NonProfiledCodeHeapSize                  = 122909434                              {pd product} {ergonomic}
    uintx ProfiledCodeHeapSize                     = 122909434                              {pd product} {ergonomic}
    uintx ReservedCodeCacheSize                    = 251658240                              {pd product} {ergonomic}
     bool SegmentedCodeCache                       = true                                      {product} {ergonomic}
     bool ShowCodeDetailsInExceptionMessages       = true                                   {manageable} {command line}
   size_t SoftMaxHeapSize                          = 4248829952                             {manageable} {ergonomic}
     bool UseCompressedClassPointers               = true                           {product lp64_product} {ergonomic}
     bool UseCompressedOops                        = true                           {product lp64_product} {ergonomic}
     bool UseG1GC                                  = true                                      {product} {ergonomic}
     bool UseLargePagesIndividualAllocation        = false                                  {pd product} {ergonomic}

Logging:
Log output configuration:
 #0: stdout all=warning uptime,level,tags
 #1: stderr all=off uptime,level,tags

Environment Variables:
PATH=C:/Users/bhrigu/sts-4.12.0.RELEASE//plugins/org.eclipse.justj.openjdk.hotspot.jre.full.win32.x86_64_16.0.2.v20210721-1149/jre/bin/server;C:/Users/bhrigu/sts-4.12.0.RELEASE//plugins/org.eclipse.justj.openjdk.hotspot.jre.full.win32.x86_64_16.0.2.v20210721-1149/jre/bin;C:\Program Files\Common Files\Oracle\Java\javapath;C:\oracle\product\19.0.0\client_1\bin;C:\sybase\DataAccess\ADONET\dll;C:\sybase\DataAccess\OLEDB\dll;C:\sybase\DataAccess\ODBC\dll;C:\sybase\OCS-15_0\lib3p;C:\sybase\OCS-15_0\dll;C:\sybase\OCS-15_0\bin;C:\windows\system32;C:\windows;C:\windows\System32\Wbem;C:\windows\System32\WindowsPowerShell\v1.0\;C:\windows\System32\OpenSSH\;C:\Program Files (x86)\Microsoft SQL Server\150\DTS\Binn\;.;p:\dll;p:\bin;x:\msvs\vc98\BIN;x:\msvs\common\msdev98\BIN;\BIN;\DLL;\\r2d2\netlogon;C:\sybase\DBISQL\bin;C:\WINDOWS\system32;C:\WINDOWS;C:\WINDOWS\System32\Wbem;C:\WINDOWS\System32\WindowsPowerShell\v1.0\;C:\WINDOWS\System32\OpenSSH\;.;p:\dll;p:\bin;x:\msvs\vc98\BIN;x:\msvs\common\msdev98\BIN;C:\sybase\BIN;C:\sybase\DLL;\\r2d2\netlogon;C:\Users\bhrigu\sts-4.12.0.RELEASE;
USERNAME=bhrigu
OS=Windows_NT
PROCESSOR_IDENTIFIER=Intel64 Family 6 Model 142 Stepping 12, GenuineIntel



---------------  S Y S T E M  ---------------

OS:
 Windows 11 , 64 bit Build 22000 (10.0.22000.708)
OS uptime: 7 days 11:48 hours

CPU: total 8 (initial active 8) (4 cores per cpu, 2 threads per core) family 6 model 142 stepping 12 microcode 0xec, cx8, cmov, fxsr, ht, mmx, 3dnowpref, sse, sse2, sse3, ssse3, sse4.1, sse4.2, popcnt, lzcnt, tsc, tscinvbit, avx, avx2, aes, erms, clmul, bmi1, bmi2, adx, fma, vzeroupper, clflush, clflushopt

Memory: 4k page, system-wide physical 16206M (3570M free)
TotalPageFile size 27526M (AvailPageFile size 3549M)
current process WorkingSet (physical memory assigned to process): 51M, peak: 55M
current process commit charge ("private bytes"): 348M, peak: 352M

vm_info: Java HotSpot(TM) 64-Bit Server VM (17.0.4+11-LTS-179) for windows-amd64 JRE (17.0.4+11-LTS-179), built on Jun 28 2022 08:23:05 by "mach5one" with MS VC++ 16.8 / 16.9 (VS2019)

END.
